<?xml version="1.0" encoding="UTF-8"?>
<testsuite xmlns:xsi="http://www.w3.org/2001/XMLSchema-instance" xsi:noNamespaceSchemaLocation="https://maven.apache.org/surefire/maven-surefire-plugin/xsd/surefire-test-report.xsd" name="org.univ_paris8.iut.montreuil.qdev.tp2024.gr1.operationTeteVide.questionnaire_sme.AppTest" time="0.018" tests="1" errors="0" skipped="0" failures="0">
  <properties>
[...]
</properties>
  <testcase name="testApp" classname="org.univ_paris8.iut.montreuil.qdev.tp2024.gr1.operationTeteVide.questionnaire_sme.AppTest" time="0.006"/>
</testsuite>